124 : 2022-03-29 15:29:29,911 : INFO : telemetry.main : Attempt start. Configuration directory [/home/odl_user/.azure].
124 : 2022-03-29 15:29:29,911 : INFO : telemetry.check : Positive: The /home/odl_user/.azure/telemetry.txt does not exist.
124 : 2022-03-29 15:29:29,911 : DEBUG : telemetry.note : acquiring lock
124 : 2022-03-29 15:29:29,911 : DEBUG : telemetry.note : acquired lock
124 : 2022-03-29 15:29:29,912 : INFO : telemetry.note : Update the note mtime to 2022-03-29 15:29:29.912088
124 : 2022-03-29 15:29:29,912 : WARNING : telemetry.note : Fail to parse or read the timestamp 'N/A' in the note file. Set the last send time to minimal. Reason: not readable
124 : 2022-03-29 15:29:29,912 : INFO : telemetry.records : No cache to be uploaded.
124 : 2022-03-29 15:29:29,912 : INFO : telemetry.client : Accumulated 0 events. Flush the clients.
124 : 2022-03-29 15:29:29,912 : INFO : telemetry.note : Update the last send in note to 0001-01-01 00:00:00
124 : 2022-03-29 15:29:29,912 : INFO : telemetry.note : Update the note mtime to 2022-03-29 15:29:29.912741
114 : 2022-03-29 16:10:41,328 : INFO : telemetry.main : Attempt start. Configuration directory [/home/odl_user/.azure].
114 : 2022-03-29 16:10:41,331 : INFO : telemetry.check : Returns Positive.
114 : 2022-03-29 16:10:41,331 : DEBUG : telemetry.note : acquiring lock
114 : 2022-03-29 16:10:41,331 : DEBUG : telemetry.note : acquired lock
114 : 2022-03-29 16:10:41,331 : INFO : telemetry.note : Update the note mtime to 2022-03-29 16:10:41.331828
114 : 2022-03-29 16:10:41,337 : WARNING : telemetry.note : Fail to parse or read the timestamp '1-01-01T00:00:00' in the note file. Set the last send time to minimal. Reason: time data '1-01-01T00:00:00' does not match format '%Y-%m-%dT%H:%M:%S'
114 : 2022-03-29 16:10:41,337 : INFO : telemetry.records : No cache to be uploaded.
114 : 2022-03-29 16:10:41,337 : INFO : telemetry.client : Accumulated 0 events. Flush the clients.
114 : 2022-03-29 16:10:41,342 : INFO : telemetry.note : Update the last send in note to 0001-01-01 00:00:00
114 : 2022-03-29 16:10:41,342 : INFO : telemetry.note : Update the note mtime to 2022-03-29 16:10:41.342964
112 : 2022-03-29 16:31:06,299 : INFO : telemetry.main : Attempt start. Configuration directory [/home/odl_user/.azure].
112 : 2022-03-29 16:31:06,305 : INFO : telemetry.check : Returns Positive.
112 : 2022-03-29 16:31:06,305 : DEBUG : telemetry.note : acquiring lock
112 : 2022-03-29 16:31:06,305 : DEBUG : telemetry.note : acquired lock
112 : 2022-03-29 16:31:06,306 : INFO : telemetry.note : Update the note mtime to 2022-03-29 16:31:06.306089
112 : 2022-03-29 16:31:06,316 : WARNING : telemetry.note : Fail to parse or read the timestamp '1-01-01T00:00:00' in the note file. Set the last send time to minimal. Reason: time data '1-01-01T00:00:00' does not match format '%Y-%m-%dT%H:%M:%S'
112 : 2022-03-29 16:31:06,316 : INFO : telemetry.records : No cache to be uploaded.
112 : 2022-03-29 16:31:06,316 : INFO : telemetry.client : Accumulated 0 events. Flush the clients.
112 : 2022-03-29 16:31:06,316 : INFO : telemetry.note : Update the last send in note to 0001-01-01 00:00:00
112 : 2022-03-29 16:31:06,316 : INFO : telemetry.note : Update the note mtime to 2022-03-29 16:31:06.316891
114 : 2022-03-29 17:06:23,473 : INFO : telemetry.main : Attempt start. Configuration directory [/home/odl_user/.azure].
114 : 2022-03-29 17:06:23,477 : INFO : telemetry.check : Returns Positive.
114 : 2022-03-29 17:06:23,477 : DEBUG : telemetry.note : acquiring lock
114 : 2022-03-29 17:06:23,477 : DEBUG : telemetry.note : acquired lock
114 : 2022-03-29 17:06:23,478 : INFO : telemetry.note : Update the note mtime to 2022-03-29 17:06:23.478144
114 : 2022-03-29 17:06:23,484 : WARNING : telemetry.note : Fail to parse or read the timestamp '1-01-01T00:00:00' in the note file. Set the last send time to minimal. Reason: time data '1-01-01T00:00:00' does not match format '%Y-%m-%dT%H:%M:%S'
114 : 2022-03-29 17:06:23,484 : INFO : telemetry.records : No cache to be uploaded.
114 : 2022-03-29 17:06:23,484 : INFO : telemetry.client : Accumulated 0 events. Flush the clients.
114 : 2022-03-29 17:06:23,484 : INFO : telemetry.note : Update the last send in note to 0001-01-01 00:00:00
114 : 2022-03-29 17:06:23,484 : INFO : telemetry.note : Update the note mtime to 2022-03-29 17:06:23.484762
113 : 2022-03-29 17:28:41,978 : INFO : telemetry.main : Attempt start. Configuration directory [/home/odl_user/.azure].
113 : 2022-03-29 17:28:41,982 : INFO : telemetry.check : Returns Positive.
113 : 2022-03-29 17:28:41,982 : DEBUG : telemetry.note : acquiring lock
113 : 2022-03-29 17:28:41,982 : DEBUG : telemetry.note : acquired lock
113 : 2022-03-29 17:28:41,982 : INFO : telemetry.note : Update the note mtime to 2022-03-29 17:28:41.982902
113 : 2022-03-29 17:28:41,988 : WARNING : telemetry.note : Fail to parse or read the timestamp '1-01-01T00:00:00' in the note file. Set the last send time to minimal. Reason: time data '1-01-01T00:00:00' does not match format '%Y-%m-%dT%H:%M:%S'
113 : 2022-03-29 17:28:41,988 : INFO : telemetry.records : No cache to be uploaded.
113 : 2022-03-29 17:28:41,988 : INFO : telemetry.client : Accumulated 0 events. Flush the clients.
113 : 2022-03-29 17:28:41,988 : INFO : telemetry.note : Update the last send in note to 0001-01-01 00:00:00
113 : 2022-03-29 17:28:41,988 : INFO : telemetry.note : Update the note mtime to 2022-03-29 17:28:41.988672
166 : 2022-03-29 17:39:17,942 : INFO : telemetry.main : Attempt start. Configuration directory [/home/odl_user/.azure].
166 : 2022-03-29 17:39:17,942 : INFO : telemetry.check : Returns Positive.
166 : 2022-03-29 17:39:17,942 : DEBUG : telemetry.note : acquiring lock
166 : 2022-03-29 17:39:17,942 : DEBUG : telemetry.note : acquired lock
166 : 2022-03-29 17:39:17,942 : INFO : telemetry.note : Update the note mtime to 2022-03-29 17:39:17.942804
166 : 2022-03-29 17:39:17,944 : WARNING : telemetry.note : Fail to parse or read the timestamp '1-01-01T00:00:00' in the note file. Set the last send time to minimal. Reason: time data '1-01-01T00:00:00' does not match format '%Y-%m-%dT%H:%M:%S'
166 : 2022-03-29 17:39:17,944 : INFO : telemetry.records : No cache to be uploaded.
166 : 2022-03-29 17:39:17,944 : INFO : telemetry.client : Accumulated 0 events. Flush the clients.
166 : 2022-03-29 17:39:17,944 : INFO : telemetry.note : Update the last send in note to 0001-01-01 00:00:00
166 : 2022-03-29 17:39:17,944 : INFO : telemetry.note : Update the note mtime to 2022-03-29 17:39:17.944688
